configure:
   batchSize: 64
   epochs: 100
   numHeads: 6
num of trajectory: 6271
num of user: 51
num of trajectory in trainSet: 5659
num of trajectory in testSet: 612
dimension of approximateOnehot: 438
train done.
time cost: 57371.66796875
Accuracy: 0.7274305555555556
Macro-P: 0.7179676035814143
Macro-R: 0.6846405228758171
Macro-F1: 0.7009081243033356
Test top1 Accuracy of the model on the testdata: 0.7274305555555556
Test top3 Accuracy of the model on the testdata: 0.9027777777777778
Test top5 Accuracy of the model on the testdata: 0.9288194444444444
Test top10 Accuracy of the model on the testdata: 0.96875
Done
