configure:
   batchSize: 64
   epochs: 100
   numHeads: 6
num of trajectory: 7700
num of user: 63
num of trajectory in trainSet: 6944
num of trajectory in testSet: 756
dimension of approximateOnehot: 998
train done.
time cost: 106404.8671875
Accuracy: 0.5965909090909091
Macro-P: 0.5714960054154427
Macro-R: 0.5595238095238095
Macro-F1: 0.565446542764351
Test top1 Accuracy of the model on the testdata: 0.5965909090909091
Test top3 Accuracy of the model on the testdata: 0.7869318181818182
Test top5 Accuracy of the model on the testdata: 0.8352272727272727
Test top10 Accuracy of the model on the testdata: 0.8977272727272727
Done
